<?xml version="1.0" encoding="UTF-8"?>
<testng-results ignored="0" total="1" passed="1" failed="0" skipped="0">
  <reporter-output>
  </reporter-output>
  <suite started-at="2021-12-29T13:09:40 IST" name="testng.TestRunner" finished-at="2021-12-29T13:09:44 IST" duration-ms="3517">
    <groups>
      <group name="cucumber">
        <method signature="AbstractTestNGCucumberTests.runScenario(io.cucumber.testng.PickleWrapper,io.cucumber.testng.FeatureWrapper)[pri:0, instance:testng.TestRunner@4d5d943d]" name="runScenario" class="io.cucumber.testng.AbstractTestNGCucumberTests"/>
      </group> <!-- cucumber -->
    </groups>
    <test started-at="2021-12-29T13:09:40 IST" name="Command line test" finished-at="2021-12-29T13:09:44 IST" duration-ms="3517">
      <class name="testng.TestRunner">
        <test-method is-config="true" signature="setUpClass(org.testng.ITestContext)[pri:0, instance:testng.TestRunner@4d5d943d]" started-at="2021-12-29T13:09:40 IST" name="setUpClass" finished-at="2021-12-29T13:09:40 IST" duration-ms="273" status="PASS">
          <params>
            <param index="0">
              <value>
                <![CDATA[org.testng.TestRunner@c9d82f9]]>
              </value>
            </param>
          </params>
          <reporter-output>
          </reporter-output>
        </test-method> <!-- setUpClass -->
        <test-method signature="runScenario(io.cucumber.testng.PickleWrapper,io.cucumber.testng.FeatureWrapper)[pri:0, instance:testng.TestRunner@4d5d943d]" started-at="2021-12-29T13:09:40 IST" name="runScenario" description="Runs Cucumber Scenarios" data-provider="scenarios" finished-at="2021-12-29T13:09:44 IST" duration-ms="3200" status="PASS">
          <params>
            <param index="0">
              <value>
                <![CDATA["User opens Home Page"]]>
              </value>
            </param>
            <param index="1">
              <value>
                <![CDATA["Optional[FlyAway Ticket Booking]"]]>
              </value>
            </param>
          </params>
          <reporter-output>
          </reporter-output>
        </test-method> <!-- runScenario -->
        <test-method is-config="true" signature="tearDownClass()[pri:0, instance:testng.TestRunner@4d5d943d]" started-at="2021-12-29T13:09:44 IST" name="tearDownClass" finished-at="2021-12-29T13:09:44 IST" duration-ms="13" status="PASS">
          <reporter-output>
          </reporter-output>
        </test-method> <!-- tearDownClass -->
      </class> <!-- testng.TestRunner -->
    </test> <!-- Command line test -->
  </suite> <!-- testng.TestRunner -->
</testng-results>
